<?xml version="1.0" encoding="UTF-8"?>
<!-- Generated by org.testng.reporters.JUnitXMLReporter -->
<testsuite ignored="0" hostname="DESKTOP-UTHRQJA" failures="0" tests="4" name="Default test" time="0.133" errors="0" timestamp="2026-02-05T19:54:04 IST">
  <testcase classname="testng.Demo" name="add" time="0.024"/>
  <testcase classname="testng.Demo" name="div" time="0.004"/>
  <testcase classname="testng.Demo" name="mul" time="0.004"/>
  <testcase classname="testng.Demo" name="sub" time="0.004"/>
</testsuite> <!-- Default test -->
