<?xml version="1.0" encoding="UTF-8"?>
<testng-results ignored="0" total="4" passed="4" failed="0" skipped="0">
  <reporter-output>
    <line>
      <![CDATA[add]]>
    </line>
    <line>
      <![CDATA[div]]>
    </line>
    <line>
      <![CDATA[mul]]>
    </line>
    <line>
      <![CDATA[sub]]>
    </line>
  </reporter-output>
  <suite started-at="2026-02-05T19:54:03 IST" name="Default suite" finished-at="2026-02-05T19:54:03 IST" duration-ms="133">
    <groups>
    </groups>
    <test started-at="2026-02-05T19:54:03 IST" name="Default test" finished-at="2026-02-05T19:54:03 IST" duration-ms="133">
      <class name="testng.Demo">
        <test-method signature="add()[pri:0, instance:testng.Demo@765d7657]" started-at="2026-02-05T19:54:03 IST" name="add" finished-at="2026-02-05T19:54:03 IST" duration-ms="24" status="PASS">
          <reporter-output>
            <line>
              <![CDATA[add]]>
            </line>
          </reporter-output>
        </test-method> <!-- add -->
        <test-method signature="div()[pri:0, instance:testng.Demo@765d7657]" started-at="2026-02-05T19:54:03 IST" name="div" finished-at="2026-02-05T19:54:03 IST" duration-ms="4" status="PASS">
          <reporter-output>
            <line>
              <![CDATA[div]]>
            </line>
          </reporter-output>
        </test-method> <!-- div -->
        <test-method signature="mul()[pri:0, instance:testng.Demo@765d7657]" started-at="2026-02-05T19:54:03 IST" name="mul" finished-at="2026-02-05T19:54:03 IST" duration-ms="4" status="PASS">
          <reporter-output>
            <line>
              <![CDATA[mul]]>
            </line>
          </reporter-output>
        </test-method> <!-- mul -->
        <test-method signature="sub()[pri:0, instance:testng.Demo@765d7657]" started-at="2026-02-05T19:54:03 IST" name="sub" finished-at="2026-02-05T19:54:03 IST" duration-ms="4" status="PASS">
          <reporter-output>
            <line>
              <![CDATA[sub]]>
            </line>
          </reporter-output>
        </test-method> <!-- sub -->
      </class> <!-- testng.Demo -->
    </test> <!-- Default test -->
  </suite> <!-- Default suite -->
</testng-results>
