<?xml version="1.0" encoding="UTF-8"?>
<!-- Generated by org.testng.reporters.JUnitReportReporter -->
<testsuite hostname="DESKTOP-UTHRQJA" failures="0" tests="4" name="testng.Demo" time="0.036" errors="0" timestamp="2026-02-05T19:54:04 IST" skipped="0">
  <testcase classname="testng.Demo" name="div" time="0.004">
    <system-out>
      <![CDATA[div]]>
    </system-out>
  </testcase> <!-- div -->
  <testcase classname="testng.Demo" name="mul" time="0.004">
    <system-out>
      <![CDATA[mul]]>
    </system-out>
  </testcase> <!-- mul -->
  <testcase classname="testng.Demo" name="sub" time="0.004">
    <system-out>
      <![CDATA[sub]]>
    </system-out>
  </testcase> <!-- sub -->
  <testcase classname="testng.Demo" name="add" time="0.024">
    <system-out>
      <![CDATA[add]]>
    </system-out>
  </testcase> <!-- add -->
  <system-out>
    <![CDATA[add
div
mul
sub]]>
  </system-out>
</testsuite> <!-- testng.Demo -->
